Using pre-set license
Built from '2020.2/release' branch; Version is '2020.2.0f1 (3721df5a8b28) revision 3613151'; Using compiler version '192528614'; Build Type 'Release'
OS: 'Windows 10  (10.0.0) 64bit' Language: 'ru' Physical Memory: 6107 MB
BatchMode: 1, IsHumanControllingUs: 0, StartBugReporterOnCrash: 0, Is64bit: 1, IsPro: 0

 COMMAND LINE ARGUMENTS:
D:\Unity 2019\2020.2.0f1\Editor\Unity.exe
-adb2
-batchMode
-noUpm
-name
AssetImportWorker0
-projectPath
D:/Prototypes/TD 1
-logFile
Logs/AssetImportWorker0.log
-srvPort
3571
Successfully changed project path to: D:/Prototypes/TD 1
D:/Prototypes/TD 1
Using Asset Import Pipeline V2.
Refreshing native plugins compatible for Editor in 65.80 ms, found 1 plugins.
Preloading 0 native plugins for Editor in 0.00 ms.
Initialize engine version: 2020.2.0f1 (3721df5a8b28)
[Subsystems] Discovering subsystems at path D:/Unity 2019/2020.2.0f1/Editor/Data/Resources/UnitySubsystems
[Subsystems] Discovering subsystems at path D:/Prototypes/TD 1/Assets
GfxDevice: creating device client; threaded=0
Direct3D:
    Version:  Direct3D 11.0 [level 10.1]
    Renderer: NVIDIA GeForce GT 240 (ID=0xca3)
    Vendor:   
    VRAM:     459 MB
    Driver:   21.21.13.4200
Could not load symbol clCreateImage : Не найдена указанная процедура.


Could not load symbol clEnqueueFillBuffer : Не найдена указанная процедура.


Could not load symbol clEnqueueFillImage : Не найдена указанная процедура.


Could not load symbol clEnqueueMarkerWithWaitList : Не найдена указанная процедура.


Could not load symbol clGetExtensionFunctionAddressForPlatform : Не найдена указанная процедура.


Could not load symbol clUnloadPlatformCompiler : Не найдена указанная процедура.


Could not load symbol clCreateFromGLTexture : Не найдена указанная процедура.


Initialize mono
Mono path[0] = 'D:/Unity 2019/2020.2.0f1/Editor/Data/Managed'
Mono path[1] = 'D:/Unity 2019/2020.2.0f1/Editor/Data/MonoBleedingEdge/lib/mono/unityjit'
Mono config path = 'D:/Unity 2019/2020.2.0f1/Editor/Data/MonoBleedingEdge/etc'
Using monoOptions --debugger-agent=transport=dt_socket,embedding=1,server=y,suspend=n,address=127.0.0.1:56128
Begin MonoManager ReloadAssembly
Registering precompiled unity dll's ...
Register platform support module: D:/Unity 2019/2020.2.0f1/Editor/Data/PlaybackEngines/WebGLSupport/UnityEditor.WebGL.Extensions.dll
Register platform support module: D:/Unity 2019/2020.2.0f1/Editor/Data/PlaybackEngines/WindowsStandaloneSupport/UnityEditor.WindowsStandalone.Extensions.dll
Registered in 0.001598 seconds.
Native extension for WindowsStandalone target not found
Native extension for WebGL target not found
Refreshing native plugins compatible for Editor in 86.86 ms, found 1 plugins.
Preloading 0 native plugins for Editor in 0.00 ms.
Invoked RoslynAnalysisRunner static constructor.
RoslynAnalysisRunner will not be running.
RoslynAnalysisRunner has terminated.
Mono: successfully reloaded assembly
- Completed reload, in  2.446 seconds
Platform modules already initialized, skipping
Registering precompiled user dll's ...
Registered in 0.001184 seconds.
Begin MonoManager ReloadAssembly
Native extension for WindowsStandalone target not found
Native extension for WebGL target not found
Refreshing native plugins compatible for Editor in 65.03 ms, found 1 plugins.
Preloading 0 native plugins for Editor in 0.00 ms.
Invoked RoslynAnalysisRunner static constructor.
RoslynAnalysisRunner will not be running.
RoslynAnalysisRunner has terminated.
Mono: successfully reloaded assembly
- Completed reload, in  1.510 seconds
Platform modules already initialized, skipping
========================================================================
Worker process is ready to serve import requests
Launched and connected shader compiler UnityShaderCompiler.exe after 0.06 seconds
Refreshing native plugins compatible for Editor in 0.55 ms, found 1 plugins.
Preloading 0 native plugins for Editor in 0.00 ms.
Unloading 1817 Unused Serialized files (Serialized files now loaded: 0)
System memory in use before: 86.2 MB.
System memory in use after: 86.2 MB.

Unloading 24 unused Assets to reduce memory usage. Loaded Objects now: 2258.
Total: 4.256900 ms (FindLiveObjects: 0.632100 ms CreateObjectMapping: 0.160500 ms MarkObjects: 3.240400 ms  DeleteObjects: 0.221800 ms)

========================================================================
Received Import Request.
  path: Assets/Animation/Hurt_Easy.anim
  artifactKey: Guid(5a25dc45dd59f87419dd8f5e62a5a8d8) Importer(815301076,1909f56bfc062723c751e8b465ee728b)
Start importing Assets/Animation/Hurt_Easy.anim using Guid(5a25dc45dd59f87419dd8f5e62a5a8d8) Importer(815301076,1909f56bfc062723c751e8b465ee728b)  -> (artifact id: '1f9bb1126a28d0d9429959330079508a') in 0.068699 seconds
  Import took 0.073215 seconds .

========================================================================
Received Import Request.
  Time since last request: 1.252379 seconds.
  path: Assets/Animation/Hurt_Medium.anim
  artifactKey: Guid(e2396846d36d18149b3e6703c4e718a2) Importer(815301076,1909f56bfc062723c751e8b465ee728b)
Start importing Assets/Animation/Hurt_Medium.anim using Guid(e2396846d36d18149b3e6703c4e718a2) Importer(815301076,1909f56bfc062723c751e8b465ee728b)  -> (artifact id: '2d83b956abc89a469549657afe940905') in 0.006210 seconds
  Import took 0.015667 seconds .

========================================================================
Received Import Request.
  Time since last request: 8.366176 seconds.
  path: Assets/Animation/Hurt_Hard.anim
  artifactKey: Guid(0c1cbc3b1f32bfa40991a9bb24adde1e) Importer(815301076,1909f56bfc062723c751e8b465ee728b)
Start importing Assets/Animation/Hurt_Hard.anim using Guid(0c1cbc3b1f32bfa40991a9bb24adde1e) Importer(815301076,1909f56bfc062723c751e8b465ee728b)  -> (artifact id: 'e8593c774e9651bdfbe794ee5b443556') in 0.007463 seconds
  Import took 0.022555 seconds .

========================================================================
Received Import Request.
  Time since last request: 48.928803 seconds.
  path: Assets/Animation/Walk_Medium.anim
  artifactKey: Guid(8b5d7cb38d8a60d42920d8f27f04fcbd) Importer(815301076,1909f56bfc062723c751e8b465ee728b)
Start importing Assets/Animation/Walk_Medium.anim using Guid(8b5d7cb38d8a60d42920d8f27f04fcbd) Importer(815301076,1909f56bfc062723c751e8b465ee728b)  -> (artifact id: '28c599dd7edb234afbcbade261b49c1d') in 0.006049 seconds
  Import took 0.016689 seconds .

========================================================================
Received Import Request.
  Time since last request: 1.149447 seconds.
  path: Assets/Animation/Medium_Enemy.controller
  artifactKey: Guid(73a65bb3b16478b4a8fc485b5653ae0a) Importer(815301076,1909f56bfc062723c751e8b465ee728b)
Start importing Assets/Animation/Medium_Enemy.controller using Guid(73a65bb3b16478b4a8fc485b5653ae0a) Importer(815301076,1909f56bfc062723c751e8b465ee728b)  -> (artifact id: '4d2d406a8eb4bd501940647d6c321023') in 0.006050 seconds
  Import took 0.009879 seconds .

========================================================================
Received Import Request.
  Time since last request: 0.008192 seconds.
  path: Assets/Animation/Medium_Enemy.controller
  artifactKey: Guid(73a65bb3b16478b4a8fc485b5653ae0a) Importer(815301076,1909f56bfc062723c751e8b465ee728b)
Start importing Assets/Animation/Medium_Enemy.controller using Guid(73a65bb3b16478b4a8fc485b5653ae0a) Importer(815301076,1909f56bfc062723c751e8b465ee728b)  -> (artifact id: '4d2d406a8eb4bd501940647d6c321023') in 0.006037 seconds
  Import took 0.018638 seconds .

========================================================================
Received Import Request.
  Time since last request: 7.667021 seconds.
  path: Assets/Animation/EasyEnemyController.controller
  artifactKey: Guid(42abc1cb3727eef42a1b40b77f6296d3) Importer(815301076,1909f56bfc062723c751e8b465ee728b)
Start importing Assets/Animation/EasyEnemyController.controller using Guid(42abc1cb3727eef42a1b40b77f6296d3) Importer(815301076,1909f56bfc062723c751e8b465ee728b)  -> (artifact id: 'caf2e34b15533bdd4537c54b59e02f8d') in 0.006319 seconds
  Import took 0.021450 seconds .

========================================================================
Received Prepare
Registering precompiled user dll's ...
Registered in 0.000991 seconds.
Begin MonoManager ReloadAssembly
Native extension for WindowsStandalone target not found
Native extension for WebGL target not found
Refreshing native plugins compatible for Editor in 0.79 ms, found 1 plugins.
Preloading 0 native plugins for Editor in 0.00 ms.
Invoked RoslynAnalysisRunner static constructor.
RoslynAnalysisRunner will not be running.
RoslynAnalysisRunner has terminated.
Mono: successfully reloaded assembly
- Completed reload, in  2.116 seconds
Platform modules already initialized, skipping
Refreshing native plugins compatible for Editor in 0.82 ms, found 1 plugins.
Preloading 0 native plugins for Editor in 0.00 ms.
Unloading 1799 Unused Serialized files (Serialized files now loaded: 0)
System memory in use before: 85.5 MB.
System memory in use after: 85.5 MB.

Unloading 12 unused Assets to reduce memory usage. Loaded Objects now: 2261.
Total: 7.353600 ms (FindLiveObjects: 1.046600 ms CreateObjectMapping: 0.180400 ms MarkObjects: 5.849000 ms  DeleteObjects: 0.275000 ms)

========================================================================
Received Import Request.
  Time since last request: 123.243054 seconds.
  path: Assets/Animation/DIe_Hard.anim
  artifactKey: Guid(52bcb450495a99149b3523406fa73cfd) Importer(815301076,1909f56bfc062723c751e8b465ee728b)
Start importing Assets/Animation/DIe_Hard.anim using Guid(52bcb450495a99149b3523406fa73cfd) Importer(815301076,1909f56bfc062723c751e8b465ee728b)  -> (artifact id: 'dcd390afd363e4fc01e59100ac59058f') in 0.037200 seconds
  Import took 0.044776 seconds .

========================================================================
Received Import Request.
  Time since last request: 3.091349 seconds.
  path: Assets/Animation/Die_Medium.anim
  artifactKey: Guid(9da15d3af274db44a8d5ed3dd42d7823) Importer(815301076,1909f56bfc062723c751e8b465ee728b)
Start importing Assets/Animation/Die_Medium.anim using Guid(9da15d3af274db44a8d5ed3dd42d7823) Importer(815301076,1909f56bfc062723c751e8b465ee728b)  -> (artifact id: '26eb177915e3f10705408b982703e71b') in 0.018918 seconds
  Import took 0.031515 seconds .

========================================================================
Received Prepare
Registering precompiled user dll's ...
Registered in 0.001027 seconds.
Begin MonoManager ReloadAssembly
Native extension for WindowsStandalone target not found
Native extension for WebGL target not found
Refreshing native plugins compatible for Editor in 0.77 ms, found 1 plugins.
Preloading 0 native plugins for Editor in 0.00 ms.
Invoked RoslynAnalysisRunner static constructor.
RoslynAnalysisRunner will not be running.
RoslynAnalysisRunner has terminated.
Mono: successfully reloaded assembly
- Completed reload, in  2.130 seconds
Platform modules already initialized, skipping
Refreshing native plugins compatible for Editor in 0.75 ms, found 1 plugins.
Preloading 0 native plugins for Editor in 0.00 ms.
Unloading 1799 Unused Serialized files (Serialized files now loaded: 0)
System memory in use before: 85.8 MB.
System memory in use after: 85.8 MB.

Unloading 12 unused Assets to reduce memory usage. Loaded Objects now: 2264.
Total: 4.183600 ms (FindLiveObjects: 0.454900 ms CreateObjectMapping: 0.133000 ms MarkObjects: 3.411500 ms  DeleteObjects: 0.182100 ms)

========================================================================
Received Import Request.
  Time since last request: 56.033216 seconds.
  path: Assets/Prefabs/Tower.prefab
  artifactKey: Guid(d00175583ed8cfd47b5ea9d8cd47f996) Importer(815301076,1909f56bfc062723c751e8b465ee728b)
Start importing Assets/Prefabs/Tower.prefab using Guid(d00175583ed8cfd47b5ea9d8cd47f996) Importer(815301076,1909f56bfc062723c751e8b465ee728b)  -> (artifact id: 'a1313d03451e696174f8da9c3d325dcd') in 0.254921 seconds
  Import took 0.261940 seconds .

========================================================================
Received Import Request.
  Time since last request: 45.475487 seconds.
  path: Assets/Scripts/Enemy/Enemy.cs
  artifactKey: Guid(7e258e9b68c90e442afaa7ee6364df95) Importer(815301076,1909f56bfc062723c751e8b465ee728b)
Start importing Assets/Scripts/Enemy/Enemy.cs using Guid(7e258e9b68c90e442afaa7ee6364df95) Importer(815301076,1909f56bfc062723c751e8b465ee728b)  -> (artifact id: '1b549050f66c3777a367978f97bce733') in 0.049213 seconds
  Import took 0.059476 seconds .

========================================================================
Received Prepare
Registering precompiled user dll's ...
Registered in 0.001059 seconds.
Begin MonoManager ReloadAssembly
Native extension for WindowsStandalone target not found
Native extension for WebGL target not found
Refreshing native plugins compatible for Editor in 0.56 ms, found 1 plugins.
Preloading 0 native plugins for Editor in 0.00 ms.
Invoked RoslynAnalysisRunner static constructor.
RoslynAnalysisRunner will not be running.
RoslynAnalysisRunner has terminated.
Mono: successfully reloaded assembly
- Completed reload, in  1.448 seconds
Platform modules already initialized, skipping
Refreshing native plugins compatible for Editor in 0.76 ms, found 1 plugins.
Preloading 0 native plugins for Editor in 0.00 ms.
Unloading 1799 Unused Serialized files (Serialized files now loaded: 0)
System memory in use before: 89.1 MB.
System memory in use after: 89.1 MB.

Unloading 12 unused Assets to reduce memory usage. Loaded Objects now: 2276.
Total: 4.090800 ms (FindLiveObjects: 0.352400 ms CreateObjectMapping: 0.385400 ms MarkObjects: 3.169700 ms  DeleteObjects: 0.181200 ms)

========================================================================
Received Import Request.
  Time since last request: 276.864779 seconds.
  path: Assets/Animation/Hard_Enemy.controller
  artifactKey: Guid(45e2838e82099e2498135c8dbbe29b97) Importer(815301076,1909f56bfc062723c751e8b465ee728b)
Start importing Assets/Animation/Hard_Enemy.controller using Guid(45e2838e82099e2498135c8dbbe29b97) Importer(815301076,1909f56bfc062723c751e8b465ee728b)  -> (artifact id: '41ee47df79f52d4327780f3e063380c9') in 0.047222 seconds
  Import took 0.056366 seconds .

========================================================================
Received Import Request.
  Time since last request: 58.126330 seconds.
  path: Assets/Animation/Medium_Enemy.controller
  artifactKey: Guid(73a65bb3b16478b4a8fc485b5653ae0a) Importer(815301076,1909f56bfc062723c751e8b465ee728b)
Start importing Assets/Animation/Medium_Enemy.controller using Guid(73a65bb3b16478b4a8fc485b5653ae0a) Importer(815301076,1909f56bfc062723c751e8b465ee728b)  -> (artifact id: '50bbd25c0a0f0fd93778bd8ac7c6a40f') in 0.014485 seconds
  Import took 0.022329 seconds .

========================================================================
Received Import Request.
  Time since last request: 18.459685 seconds.
  path: Assets/Animation/EasyEnemyController.controller
  artifactKey: Guid(42abc1cb3727eef42a1b40b77f6296d3) Importer(815301076,1909f56bfc062723c751e8b465ee728b)
Start importing Assets/Animation/EasyEnemyController.controller using Guid(42abc1cb3727eef42a1b40b77f6296d3) Importer(815301076,1909f56bfc062723c751e8b465ee728b)  -> (artifact id: '4a2423cd51c7aa1a156b4655dc759469') in 0.016269 seconds
  Import took 0.031120 seconds .

========================================================================
Received Prepare
Registering precompiled user dll's ...
Registered in 0.000994 seconds.
Begin MonoManager ReloadAssembly
Native extension for WindowsStandalone target not found
Native extension for WebGL target not found
Refreshing native plugins compatible for Editor in 0.93 ms, found 1 plugins.
Preloading 0 native plugins for Editor in 0.00 ms.
Invoked RoslynAnalysisRunner static constructor.
RoslynAnalysisRunner will not be running.
RoslynAnalysisRunner has terminated.
Mono: successfully reloaded assembly
- Completed reload, in  2.168 seconds
Platform modules already initialized, skipping
Refreshing native plugins compatible for Editor in 1.34 ms, found 1 plugins.
Preloading 0 native plugins for Editor in 0.00 ms.
Unloading 1799 Unused Serialized files (Serialized files now loaded: 0)
System memory in use before: 89.3 MB.
System memory in use after: 89.3 MB.

Unloading 12 unused Assets to reduce memory usage. Loaded Objects now: 2279.
Total: 4.334600 ms (FindLiveObjects: 0.627000 ms CreateObjectMapping: 0.154200 ms MarkObjects: 3.367400 ms  DeleteObjects: 0.183500 ms)

========================================================================
Received Import Request.
  Time since last request: 56.234932 seconds.
  path: Assets/Animation/Hard_Enemy.controller
  artifactKey: Guid(45e2838e82099e2498135c8dbbe29b97) Importer(815301076,1909f56bfc062723c751e8b465ee728b)
Start importing Assets/Animation/Hard_Enemy.controller using Guid(45e2838e82099e2498135c8dbbe29b97) Importer(815301076,1909f56bfc062723c751e8b465ee728b)  -> (artifact id: 'cb830b52b09019838978f582b43d6457') in 0.053592 seconds
  Import took 0.058937 seconds .

========================================================================
Received Prepare
Registering precompiled user dll's ...
Registered in 0.001238 seconds.
Begin MonoManager ReloadAssembly
Native extension for WindowsStandalone target not found
Native extension for WebGL target not found
Refreshing native plugins compatible for Editor in 0.79 ms, found 1 plugins.
Preloading 0 native plugins for Editor in 0.00 ms.
Invoked RoslynAnalysisRunner static constructor.
RoslynAnalysisRunner will not be running.
RoslynAnalysisRunner has terminated.
Mono: successfully reloaded assembly
- Completed reload, in  2.169 seconds
Platform modules already initialized, skipping
Refreshing native plugins compatible for Editor in 0.99 ms, found 1 plugins.
Preloading 0 native plugins for Editor in 0.00 ms.
Unloading 1799 Unused Serialized files (Serialized files now loaded: 0)
System memory in use before: 89.5 MB.
System memory in use after: 89.5 MB.

Unloading 12 unused Assets to reduce memory usage. Loaded Objects now: 2282.
Total: 4.189500 ms (FindLiveObjects: 0.625200 ms CreateObjectMapping: 0.106200 ms MarkObjects: 3.268700 ms  DeleteObjects: 0.187300 ms)

========================================================================
Received Prepare
Registering precompiled user dll's ...
Registered in 0.001164 seconds.
Begin MonoManager ReloadAssembly
Native extension for WindowsStandalone target not found
Native extension for WebGL target not found
Refreshing native plugins compatible for Editor in 0.57 ms, found 1 plugins.
Preloading 0 native plugins for Editor in 0.00 ms.
Invoked RoslynAnalysisRunner static constructor.
RoslynAnalysisRunner will not be running.
RoslynAnalysisRunner has terminated.
Mono: successfully reloaded assembly
- Completed reload, in  1.502 seconds
Platform modules already initialized, skipping
Refreshing native plugins compatible for Editor in 0.77 ms, found 1 plugins.
Preloading 0 native plugins for Editor in 0.00 ms.
Unloading 1799 Unused Serialized files (Serialized files now loaded: 0)
System memory in use before: 89.5 MB.
System memory in use after: 89.5 MB.

Unloading 12 unused Assets to reduce memory usage. Loaded Objects now: 2285.
Total: 3.800100 ms (FindLiveObjects: 0.477900 ms CreateObjectMapping: 0.099600 ms MarkObjects: 3.033700 ms  DeleteObjects: 0.186600 ms)

========================================================================
Received Import Request.
  Time since last request: 66.077512 seconds.
  path: Assets/Animation/Walk_Hard.anim
  artifactKey: Guid(4f3e7857d9f512c499fd60a6bd1bf774) Importer(815301076,1909f56bfc062723c751e8b465ee728b)
Start importing Assets/Animation/Walk_Hard.anim using Guid(4f3e7857d9f512c499fd60a6bd1bf774) Importer(815301076,1909f56bfc062723c751e8b465ee728b)  -> (artifact id: '2503e3c028688a03c5eb726896e2283b') in 0.050171 seconds
  Import took 0.056646 seconds .

========================================================================
Received Import Request.
  Time since last request: 479.632937 seconds.
  path: Assets/Animation/Hard_Enemy.controller
  artifactKey: Guid(45e2838e82099e2498135c8dbbe29b97) Importer(815301076,1909f56bfc062723c751e8b465ee728b)
Start importing Assets/Animation/Hard_Enemy.controller using Guid(45e2838e82099e2498135c8dbbe29b97) Importer(815301076,1909f56bfc062723c751e8b465ee728b)  -> (artifact id: 'e7b921378ac89dba57dff0574bf3809c') in 0.011040 seconds
  Import took 0.021939 seconds .

========================================================================
Received Import Request.
  Time since last request: 43.217014 seconds.
  path: Assets/Animation/EasyEnemyController.controller
  artifactKey: Guid(42abc1cb3727eef42a1b40b77f6296d3) Importer(815301076,1909f56bfc062723c751e8b465ee728b)
Start importing Assets/Animation/EasyEnemyController.controller using Guid(42abc1cb3727eef42a1b40b77f6296d3) Importer(815301076,1909f56bfc062723c751e8b465ee728b)  -> (artifact id: '879bc21e9996fa426ef964f1b96c1a13') in 0.010023 seconds
  Import took 0.027420 seconds .

========================================================================
Received Prepare
Registering precompiled user dll's ...
Registered in 0.001025 seconds.
Begin MonoManager ReloadAssembly
Native extension for WindowsStandalone target not found
Native extension for WebGL target not found
Refreshing native plugins compatible for Editor in 0.74 ms, found 1 plugins.
Preloading 0 native plugins for Editor in 0.00 ms.
Invoked RoslynAnalysisRunner static constructor.
RoslynAnalysisRunner will not be running.
RoslynAnalysisRunner has terminated.
Mono: successfully reloaded assembly
- Completed reload, in  2.019 seconds
Platform modules already initialized, skipping
Refreshing native plugins compatible for Editor in 0.71 ms, found 1 plugins.
Preloading 0 native plugins for Editor in 0.00 ms.
Unloading 1799 Unused Serialized files (Serialized files now loaded: 0)
System memory in use before: 89.8 MB.
System memory in use after: 89.8 MB.

Unloading 12 unused Assets to reduce memory usage. Loaded Objects now: 2288.
Total: 4.650300 ms (FindLiveObjects: 0.500200 ms CreateObjectMapping: 0.188900 ms MarkObjects: 3.789000 ms  DeleteObjects: 0.170200 ms)

========================================================================
Received Prepare
Registering precompiled user dll's ...
Registered in 0.002664 seconds.
Begin MonoManager ReloadAssembly
Native extension for WindowsStandalone target not found
Native extension for WebGL target not found
Refreshing native plugins compatible for Editor in 0.57 ms, found 1 plugins.
Preloading 0 native plugins for Editor in 0.00 ms.
Invoked RoslynAnalysisRunner static constructor.
RoslynAnalysisRunner will not be running.
RoslynAnalysisRunner has terminated.
Mono: successfully reloaded assembly
- Completed reload, in  1.780 seconds
Platform modules already initialized, skipping
Refreshing native plugins compatible for Editor in 0.81 ms, found 1 plugins.
Preloading 0 native plugins for Editor in 0.00 ms.
Unloading 1799 Unused Serialized files (Serialized files now loaded: 0)
System memory in use before: 90.0 MB.
System memory in use after: 90.0 MB.

Unloading 12 unused Assets to reduce memory usage. Loaded Objects now: 2291.
Total: 3.922700 ms (FindLiveObjects: 0.375100 ms CreateObjectMapping: 0.175600 ms MarkObjects: 3.180500 ms  DeleteObjects: 0.189200 ms)

========================================================================
Received Import Request.
  Time since last request: 219.211049 seconds.
  path: Assets/Animation/Medium_Enemy.controller
  artifactKey: Guid(73a65bb3b16478b4a8fc485b5653ae0a) Importer(815301076,1909f56bfc062723c751e8b465ee728b)
Start importing Assets/Animation/Medium_Enemy.controller using Guid(73a65bb3b16478b4a8fc485b5653ae0a) Importer(815301076,1909f56bfc062723c751e8b465ee728b)  -> (artifact id: 'd846cc18ba1f7a08e5e6079938f1c6c7') in 0.029315 seconds
  Import took 0.052481 seconds .

========================================================================
Received Import Request.
  Time since last request: 96.317968 seconds.
  path: Assets/Animation/DIe_Hard.anim
  artifactKey: Guid(52bcb450495a99149b3523406fa73cfd) Importer(815301076,1909f56bfc062723c751e8b465ee728b)
Start importing Assets/Animation/DIe_Hard.anim using Guid(52bcb450495a99149b3523406fa73cfd) Importer(815301076,1909f56bfc062723c751e8b465ee728b)  -> (artifact id: '94e729258dd74a467f2eb7c949fed376') in 0.005877 seconds
  Import took 0.033104 seconds .

========================================================================
Received Import Request.
  Time since last request: 0.003219 seconds.
  path: Assets/Animation/DIe_Hard.anim
  artifactKey: Guid(52bcb450495a99149b3523406fa73cfd) Importer(815301076,1909f56bfc062723c751e8b465ee728b)
Start importing Assets/Animation/DIe_Hard.anim using Guid(52bcb450495a99149b3523406fa73cfd) Importer(815301076,1909f56bfc062723c751e8b465ee728b)  -> (artifact id: '94e729258dd74a467f2eb7c949fed376') in 0.005554 seconds
  Import took 0.022714 seconds .

========================================================================
Received Import Request.
  Time since last request: 1.887346 seconds.
  path: Assets/Animation/Die_Medium.anim
  artifactKey: Guid(9da15d3af274db44a8d5ed3dd42d7823) Importer(815301076,1909f56bfc062723c751e8b465ee728b)
Start importing Assets/Animation/Die_Medium.anim using Guid(9da15d3af274db44a8d5ed3dd42d7823) Importer(815301076,1909f56bfc062723c751e8b465ee728b)  -> (artifact id: '6dbbd56a29cb11ecc06af397d941d561') in 0.018463 seconds
  Import took 0.034445 seconds .

========================================================================
Received Import Request.
  Time since last request: 1.617469 seconds.
  path: Assets/Animation/Die_Easy.anim
  artifactKey: Guid(60c63cff2c8bf0d4e800868ed3e12657) Importer(815301076,1909f56bfc062723c751e8b465ee728b)
Start importing Assets/Animation/Die_Easy.anim using Guid(60c63cff2c8bf0d4e800868ed3e12657) Importer(815301076,1909f56bfc062723c751e8b465ee728b)  -> (artifact id: '7f825c482dd2ef8a2536d284f4970340') in 0.018314 seconds
  Import took 0.031975 seconds .

========================================================================
Received Prepare
Registering precompiled user dll's ...
Registered in 0.001012 seconds.
Begin MonoManager ReloadAssembly
Native extension for WindowsStandalone target not found
Native extension for WebGL target not found
Refreshing native plugins compatible for Editor in 0.73 ms, found 1 plugins.
Preloading 0 native plugins for Editor in 0.00 ms.
Invoked RoslynAnalysisRunner static constructor.
RoslynAnalysisRunner will not be running.
RoslynAnalysisRunner has terminated.
Mono: successfully reloaded assembly
- Completed reload, in  2.014 seconds
Platform modules already initialized, skipping
Refreshing native plugins compatible for Editor in 0.78 ms, found 1 plugins.
Preloading 0 native plugins for Editor in 0.00 ms.
Unloading 1799 Unused Serialized files (Serialized files now loaded: 0)
System memory in use before: 90.2 MB.
System memory in use after: 90.2 MB.

Unloading 12 unused Assets to reduce memory usage. Loaded Objects now: 2294.
Total: 6.345600 ms (FindLiveObjects: 0.499400 ms CreateObjectMapping: 0.184400 ms MarkObjects: 5.475700 ms  DeleteObjects: 0.184100 ms)

========================================================================
Received Prepare
Registering precompiled user dll's ...
Registered in 0.001509 seconds.
Begin MonoManager ReloadAssembly
Native extension for WindowsStandalone target not found
Native extension for WebGL target not found
Refreshing native plugins compatible for Editor in 0.56 ms, found 1 plugins.
Preloading 0 native plugins for Editor in 0.00 ms.
Invoked RoslynAnalysisRunner static constructor.
RoslynAnalysisRunner will not be running.
RoslynAnalysisRunner has terminated.
Mono: successfully reloaded assembly
- Completed reload, in  1.737 seconds
Platform modules already initialized, skipping
Refreshing native plugins compatible for Editor in 0.74 ms, found 1 plugins.
Preloading 0 native plugins for Editor in 0.00 ms.
Unloading 1799 Unused Serialized files (Serialized files now loaded: 0)
System memory in use before: 90.3 MB.
System memory in use after: 90.3 MB.

Unloading 12 unused Assets to reduce memory usage. Loaded Objects now: 2297.
Total: 4.274200 ms (FindLiveObjects: 0.353700 ms CreateObjectMapping: 0.181400 ms MarkObjects: 3.309100 ms  DeleteObjects: 0.425500 ms)

========================================================================
Received Prepare
Registering precompiled user dll's ...
Registered in 0.000999 seconds.
Begin MonoManager ReloadAssembly
Native extension for WindowsStandalone target not found
Native extension for WebGL target not found
Refreshing native plugins compatible for Editor in 0.79 ms, found 1 plugins.
Preloading 0 native plugins for Editor in 0.00 ms.
Invoked RoslynAnalysisRunner static constructor.
RoslynAnalysisRunner will not be running.
RoslynAnalysisRunner has terminated.
Mono: successfully reloaded assembly
- Completed reload, in  2.235 seconds
Platform modules already initialized, skipping
Refreshing native plugins compatible for Editor in 0.76 ms, found 1 plugins.
Preloading 0 native plugins for Editor in 0.00 ms.
Unloading 1799 Unused Serialized files (Serialized files now loaded: 0)
System memory in use before: 90.5 MB.
System memory in use after: 90.5 MB.

Unloading 12 unused Assets to reduce memory usage. Loaded Objects now: 2300.
Total: 5.937000 ms (FindLiveObjects: 2.076900 ms CreateObjectMapping: 0.184800 ms MarkObjects: 3.482600 ms  DeleteObjects: 0.190800 ms)

========================================================================
Received Prepare
Registering precompiled user dll's ...
Registered in 0.001064 seconds.
Begin MonoManager ReloadAssembly
Native extension for WindowsStandalone target not found
Native extension for WebGL target not found
Refreshing native plugins compatible for Editor in 0.57 ms, found 1 plugins.
Preloading 0 native plugins for Editor in 0.00 ms.
Invoked RoslynAnalysisRunner static constructor.
RoslynAnalysisRunner will not be running.
RoslynAnalysisRunner has terminated.
Mono: successfully reloaded assembly
- Completed reload, in  1.628 seconds
Platform modules already initialized, skipping
Refreshing native plugins compatible for Editor in 0.89 ms, found 1 plugins.
Preloading 0 native plugins for Editor in 0.00 ms.
Unloading 1799 Unused Serialized files (Serialized files now loaded: 0)
System memory in use before: 90.6 MB.
System memory in use after: 90.6 MB.

Unloading 12 unused Assets to reduce memory usage. Loaded Objects now: 2303.
Total: 7.108300 ms (FindLiveObjects: 0.448900 ms CreateObjectMapping: 0.097100 ms MarkObjects: 6.371900 ms  DeleteObjects: 0.187700 ms)

========================================================================
Received Import Request.
  Time since last request: 288.145294 seconds.
  path: Assets/Animation/Walk_Easy.anim
  artifactKey: Guid(98efafb4833bf4e4591ee423d98b9e1c) Importer(815301076,1909f56bfc062723c751e8b465ee728b)
Start importing Assets/Animation/Walk_Easy.anim using Guid(98efafb4833bf4e4591ee423d98b9e1c) Importer(815301076,1909f56bfc062723c751e8b465ee728b)  -> (artifact id: 'e24c4c424a02c2e65bb31643318db227') in 0.029114 seconds
  Import took 0.053272 seconds .

========================================================================
Received Import Request.
  Time since last request: 39.948211 seconds.
  path: Assets/Animation/Hurt_Medium.anim
  artifactKey: Guid(e2396846d36d18149b3e6703c4e718a2) Importer(815301076,1909f56bfc062723c751e8b465ee728b)
Start importing Assets/Animation/Hurt_Medium.anim using Guid(e2396846d36d18149b3e6703c4e718a2) Importer(815301076,1909f56bfc062723c751e8b465ee728b)  -> (artifact id: 'd0b0c9920e433e57aa4aa16f76d7bfc8') in 0.012357 seconds
  Import took 0.034520 seconds .

========================================================================
Received Import Request.
  Time since last request: 0.004817 seconds.
  path: Assets/Animation/Hurt_Medium.anim
  artifactKey: Guid(e2396846d36d18149b3e6703c4e718a2) Importer(815301076,1909f56bfc062723c751e8b465ee728b)
Start importing Assets/Animation/Hurt_Medium.anim using Guid(e2396846d36d18149b3e6703c4e718a2) Importer(815301076,1909f56bfc062723c751e8b465ee728b)  -> (artifact id: 'd0b0c9920e433e57aa4aa16f76d7bfc8') in 0.011612 seconds
  Import took 0.034369 seconds .

========================================================================
Received Prepare
Registering precompiled user dll's ...
Registered in 0.001146 seconds.
Begin MonoManager ReloadAssembly
Native extension for WindowsStandalone target not found
Native extension for WebGL target not found
Refreshing native plugins compatible for Editor in 0.56 ms, found 1 plugins.
Preloading 0 native plugins for Editor in 0.00 ms.
Invoked RoslynAnalysisRunner static constructor.
RoslynAnalysisRunner will not be running.
RoslynAnalysisRunner has terminated.
Mono: successfully reloaded assembly
- Completed reload, in  1.276 seconds
Platform modules already initialized, skipping
Refreshing native plugins compatible for Editor in 0.83 ms, found 1 plugins.
Preloading 0 native plugins for Editor in 0.00 ms.
Unloading 1799 Unused Serialized files (Serialized files now loaded: 0)
System memory in use before: 89.9 MB.
System memory in use after: 89.9 MB.

Unloading 12 unused Assets to reduce memory usage. Loaded Objects now: 2306.
Total: 4.045400 ms (FindLiveObjects: 0.338300 ms CreateObjectMapping: 0.376200 ms MarkObjects: 3.146900 ms  DeleteObjects: 0.182000 ms)

AssetImportWorkerClient::OnTransportError - code=2 error=End of file
