Using pre-set license
Built from '2020.2/release' branch; Version is '2020.2.0f1 (3721df5a8b28) revision 3613151'; Using compiler version '192528614'; Build Type 'Release'
OS: 'Windows 10  (10.0.0) 64bit' Language: 'ru' Physical Memory: 6107 MB
BatchMode: 1, IsHumanControllingUs: 0, StartBugReporterOnCrash: 0, Is64bit: 1, IsPro: 0

 COMMAND LINE ARGUMENTS:
D:\Unity 2019\2020.2.0f1\Editor\Unity.exe
-adb2
-batchMode
-noUpm
-name
AssetImportWorker0
-projectPath
D:/Prototypes/TD 1
-logFile
Logs/AssetImportWorker0.log
-srvPort
3537
Successfully changed project path to: D:/Prototypes/TD 1
D:/Prototypes/TD 1
Using Asset Import Pipeline V2.
Refreshing native plugins compatible for Editor in 83.65 ms, found 1 plugins.
Preloading 0 native plugins for Editor in 0.00 ms.
Initialize engine version: 2020.2.0f1 (3721df5a8b28)
[Subsystems] Discovering subsystems at path D:/Unity 2019/2020.2.0f1/Editor/Data/Resources/UnitySubsystems
[Subsystems] Discovering subsystems at path D:/Prototypes/TD 1/Assets
GfxDevice: creating device client; threaded=0
Direct3D:
    Version:  Direct3D 11.0 [level 10.1]
    Renderer: NVIDIA GeForce GT 240 (ID=0xca3)
    Vendor:   
    VRAM:     459 MB
    Driver:   21.21.13.4201
Could not load symbol clCreateImage : Не найдена указанная процедура.


Could not load symbol clEnqueueFillBuffer : Не найдена указанная процедура.


Could not load symbol clEnqueueFillImage : Не найдена указанная процедура.


Could not load symbol clEnqueueMarkerWithWaitList : Не найдена указанная процедура.


Could not load symbol clGetExtensionFunctionAddressForPlatform : Не найдена указанная процедура.


Could not load symbol clUnloadPlatformCompiler : Не найдена указанная процедура.


Could not load symbol clCreateFromGLTexture : Не найдена указанная процедура.


Initialize mono
Mono path[0] = 'D:/Unity 2019/2020.2.0f1/Editor/Data/Managed'
Mono path[1] = 'D:/Unity 2019/2020.2.0f1/Editor/Data/MonoBleedingEdge/lib/mono/unityjit'
Mono config path = 'D:/Unity 2019/2020.2.0f1/Editor/Data/MonoBleedingEdge/etc'
Using monoOptions --debugger-agent=transport=dt_socket,embedding=1,server=y,suspend=n,address=127.0.0.1:56780
Begin MonoManager ReloadAssembly
Registering precompiled unity dll's ...
Register platform support module: D:/Unity 2019/2020.2.0f1/Editor/Data/PlaybackEngines/WebGLSupport/UnityEditor.WebGL.Extensions.dll
Register platform support module: D:/Unity 2019/2020.2.0f1/Editor/Data/PlaybackEngines/WindowsStandaloneSupport/UnityEditor.WindowsStandalone.Extensions.dll
Registered in 0.003885 seconds.
Native extension for WindowsStandalone target not found
Native extension for WebGL target not found
Refreshing native plugins compatible for Editor in 80.33 ms, found 1 plugins.
Preloading 0 native plugins for Editor in 0.00 ms.
Invoked RoslynAnalysisRunner static constructor.
RoslynAnalysisRunner will not be running.
RoslynAnalysisRunner has terminated.
Mono: successfully reloaded assembly
- Completed reload, in  3.159 seconds
Platform modules already initialized, skipping
Registering precompiled user dll's ...
Registered in 0.001045 seconds.
Begin MonoManager ReloadAssembly
Native extension for WindowsStandalone target not found
Native extension for WebGL target not found
Refreshing native plugins compatible for Editor in 69.87 ms, found 1 plugins.
Preloading 0 native plugins for Editor in 0.00 ms.
Invoked RoslynAnalysisRunner static constructor.
RoslynAnalysisRunner will not be running.
RoslynAnalysisRunner has terminated.
Mono: successfully reloaded assembly
- Completed reload, in  2.768 seconds
Platform modules already initialized, skipping
========================================================================
Worker process is ready to serve import requests
Launched and connected shader compiler UnityShaderCompiler.exe after 0.07 seconds
Refreshing native plugins compatible for Editor in 0.57 ms, found 1 plugins.
Preloading 0 native plugins for Editor in 0.00 ms.
Unloading 1817 Unused Serialized files (Serialized files now loaded: 0)
System memory in use before: 86.2 MB.
System memory in use after: 86.2 MB.

Unloading 24 unused Assets to reduce memory usage. Loaded Objects now: 2258.
Total: 9.154500 ms (FindLiveObjects: 5.713600 ms CreateObjectMapping: 0.135100 ms MarkObjects: 3.092800 ms  DeleteObjects: 0.210100 ms)

========================================================================
Received Import Request.
  path: Assets/Animation/Hard_Enemy.controller
  artifactKey: Guid(45e2838e82099e2498135c8dbbe29b97) Importer(815301076,1909f56bfc062723c751e8b465ee728b)
Start importing Assets/Animation/Hard_Enemy.controller using Guid(45e2838e82099e2498135c8dbbe29b97) Importer(815301076,1909f56bfc062723c751e8b465ee728b)  -> (artifact id: 'a7e0c0742bba92396c05f1a932c97c60') in 0.087719 seconds
  Import took 0.094640 seconds .

========================================================================
Received Import Request.
  Time since last request: 297.273168 seconds.
  path: Assets/Scripts/Projectile/Projectile.cs
  artifactKey: Guid(e7b8a7af6e1859a4ebee524575ba38d3) Importer(815301076,1909f56bfc062723c751e8b465ee728b)
Start importing Assets/Scripts/Projectile/Projectile.cs using Guid(e7b8a7af6e1859a4ebee524575ba38d3) Importer(815301076,1909f56bfc062723c751e8b465ee728b)  -> (artifact id: '55b5008ff2c1fd42f284dbe64998abc0') in 0.054784 seconds
  Import took 0.060145 seconds .

========================================================================
Received Import Request.
  Time since last request: 1.071211 seconds.
  path: Assets/Scripts/Projectile/Projectile.cs
  artifactKey: Guid(e7b8a7af6e1859a4ebee524575ba38d3) Importer(815301076,1909f56bfc062723c751e8b465ee728b)
Start importing Assets/Scripts/Projectile/Projectile.cs using Guid(e7b8a7af6e1859a4ebee524575ba38d3) Importer(815301076,1909f56bfc062723c751e8b465ee728b)  -> (artifact id: '55b5008ff2c1fd42f284dbe64998abc0') in 0.002697 seconds
  Import took 0.007949 seconds .

